[01m[K/home/rosario/Desktop/tesi/tesi_repo/src/traj_controller/src/controller.cpp:[m[K In function â€˜[01m[Kgeometry_msgs::Twist computeVel(geometry_msgs::Point, geometry_msgs::Point, geometry_msgs::Point)[m[Kâ€™:
[01m[K/home/rosario/Desktop/tesi/tesi_repo/src/traj_controller/src/controller.cpp:52:11:[m[K [01;31m[Kerror: [m[Kâ€˜[01m[KInvT[m[Kâ€™ was not declared in this scope; did you mean â€˜[01m[KinvT[m[Kâ€™?
   52 |  control= [01;31m[KInvT[m[K * u;
      |           [01;31m[K^~~~[m[K
      |           [32m[KinvT[m[K
make[2]: *** [CMakeFiles/traj_controller_node.dir/build.make:63: CMakeFiles/traj_controller_node.dir/src/controller.cpp.o] Error 1
make[1]: *** [CMakeFiles/Makefile2:220: CMakeFiles/traj_controller_node.dir/all] Error 2
make: *** [Makefile:141: all] Error 2
