[01m[K/home/rosario/Desktop/tesi/tesi_repo/src/traj_controller/src/controller.cpp:[m[K In function â€˜[01m[Kgeometry_msgs::Twist computeVel(geometry_msgs::Point_<std::allocator<void> >::ConstPtr&, geometry_msgs::Point_<std::allocator<void> >::ConstPtr&, geometry_msgs::Point_<std::allocator<void> >::ConstPtr&)[m[Kâ€™:
[01m[K/home/rosario/Desktop/tesi/tesi_repo/src/traj_controller/src/controller.cpp:53:2:[m[K [01;31m[Kerror: [m[Kreturn-statement with no value, in function returning â€˜[01m[Kgeometry_msgs::Twist[m[Kâ€™ {aka â€˜[01m[Kgeometry_msgs::Twist_<std::allocator<void> >[m[Kâ€™} [[01;31m[K-fpermissive[m[K]
   53 |  [01;31m[Kreturn[m[K;
      |  [01;31m[K^~~~~~[m[K
[01m[K/home/rosario/Desktop/tesi/tesi_repo/src/traj_controller/src/controller.cpp:[m[K In function â€˜[01m[Kint main(int, char**)[m[Kâ€™:
[01m[K/home/rosario/Desktop/tesi/tesi_repo/src/traj_controller/src/controller.cpp:65:20:[m[K [01;31m[Kerror: [m[Kinvalid initialization of reference of type â€˜[01m[Knav_msgs::Path_<std::allocator<void> >::ConstPtr&[m[Kâ€™ {aka â€˜[01m[Kboost::shared_ptr<const nav_msgs::Path_<std::allocator<void> > >&[m[Kâ€™} from expression of type â€˜[01m[Knav_msgs::Path[m[Kâ€™ {aka â€˜[01m[Knav_msgs::Path_<std::allocator<void> >[m[Kâ€™}
   65 |  computeB_des_traj([01;31m[KgPlan[m[K);
      |                    [01;31m[K^~~~~[m[K
[01m[K/home/rosario/Desktop/tesi/tesi_repo/src/traj_controller/src/controller.cpp:18:50:[m[K [01;36m[Knote: [m[Kin passing argument 1 of â€˜[01m[Kvoid computeB_des_traj(nav_msgs::Path_<std::allocator<void> >::ConstPtr&)[m[Kâ€™
   18 | void computeB_des_traj([01;36m[Knav_msgs::Path::ConstPtr& path[m[K){
      |                        [01;36m[K~~~~~~~~~~~~~~~~~~~~~~~~~~^~~~[m[K
[01m[K/home/rosario/Desktop/tesi/tesi_repo/src/traj_controller/src/controller.cpp:73:7:[m[K [01;31m[Kerror: [m[Kâ€˜[01m[Krate[m[Kâ€™ is not a member of â€˜[01m[Kros[m[Kâ€™; did you mean â€˜[01m[KRate[m[Kâ€™?
   73 |  ros::[01;31m[Krate[m[K r(0.001);
      |       [01;31m[K^~~~[m[K
      |       [32m[KRate[m[K
[01m[K/home/rosario/Desktop/tesi/tesi_repo/src/traj_controller/src/controller.cpp:78:41:[m[K [01;31m[Kerror: [m[Kno matching function for call to â€˜[01m[Kgeometry_msgs::Point_<std::allocator<void> >::Point_(int, int, int)[m[Kâ€™
   78 |     B_des_old=geometry_msgs::Point(0,0,0[01;31m[K)[m[K;
      |                                         [01;31m[K^[m[K
In file included from [01m[K/opt/ros/noetic/include/geometry_msgs/PointStamped.h:19[m[K,
                 from [01m[K/opt/ros/noetic/include/tf/transform_datatypes.h:36[m[K,
                 from [01m[K/opt/ros/noetic/include/tf/time_cache.h:38[m[K,
                 from [01m[K/opt/ros/noetic/include/tf/tf.h:44[m[K,
                 from [01m[K/opt/ros/noetic/include/tf/transform_listener.h:38[m[K,
                 from [01m[K/home/rosario/Desktop/tesi/tesi_repo/src/traj_controller/src/controller.cpp:1[m[K:
[01m[K/opt/ros/noetic/include/geometry_msgs/Point.h:31:3:[m[K [01;36m[Knote: [m[Kcandidate: â€˜[01m[Kgeometry_msgs::Point_<ContainerAllocator>::Point_(const ContainerAllocator&) [with ContainerAllocator = std::allocator<void>][m[Kâ€™
   31 |   [01;36m[KPoint_[m[K(const ContainerAllocator& _alloc)
      |   [01;36m[K^~~~~~[m[K
[01m[K/opt/ros/noetic/include/geometry_msgs/Point.h:31:3:[m[K [01;36m[Knote: [m[K  candidate expects 1 argument, 3 provided
[01m[K/opt/ros/noetic/include/geometry_msgs/Point.h:26:3:[m[K [01;36m[Knote: [m[Kcandidate: â€˜[01m[Kgeometry_msgs::Point_<ContainerAllocator>::Point_() [with ContainerAllocator = std::allocator<void>][m[Kâ€™
   26 |   [01;36m[KPoint_[m[K()
      |   [01;36m[K^~~~~~[m[K
[01m[K/opt/ros/noetic/include/geometry_msgs/Point.h:26:3:[m[K [01;36m[Knote: [m[K  candidate expects 0 arguments, 3 provided
[01m[K/opt/ros/noetic/include/geometry_msgs/Point.h:22:8:[m[K [01;36m[Knote: [m[Kcandidate: â€˜[01m[Kconstexpr geometry_msgs::Point_<std::allocator<void> >::Point_(const geometry_msgs::Point_<std::allocator<void> >&)[m[Kâ€™
   22 | struct [01;36m[KPoint_[m[K
      |        [01;36m[K^~~~~~[m[K
[01m[K/opt/ros/noetic/include/geometry_msgs/Point.h:22:8:[m[K [01;36m[Knote: [m[K  candidate expects 1 argument, 3 provided
[01m[K/opt/ros/noetic/include/geometry_msgs/Point.h:22:8:[m[K [01;36m[Knote: [m[Kcandidate: â€˜[01m[Kconstexpr geometry_msgs::Point_<std::allocator<void> >::Point_(geometry_msgs::Point_<std::allocator<void> >&&)[m[Kâ€™
[01m[K/opt/ros/noetic/include/geometry_msgs/Point.h:22:8:[m[K [01;36m[Knote: [m[K  candidate expects 1 argument, 3 provided
[01m[K/home/rosario/Desktop/tesi/tesi_repo/src/traj_controller/src/controller.cpp:89:23:[m[K [01;31m[Kerror: [m[Kinvalid initialization of reference of type â€˜[01m[Kgeometry_msgs::Point_<std::allocator<void> >::ConstPtr&[m[Kâ€™ {aka â€˜[01m[Kboost::shared_ptr<const geometry_msgs::Point_<std::allocator<void> > >&[m[Kâ€™} from expression of type â€˜[01m[Kgeometry_msgs::Point[m[Kâ€™ {aka â€˜[01m[Kgeometry_msgs::Point_<std::allocator<void> >[m[Kâ€™}
   89 |    cmd_vel=computeVel([01;31m[KB[m[K,B_des,B_des_old);
      |                       [01;31m[K^[m[K
[01m[K/home/rosario/Desktop/tesi/tesi_repo/src/traj_controller/src/controller.cpp:28:65:[m[K [01;36m[Knote: [m[Kin passing argument 1 of â€˜[01m[Kgeometry_msgs::Twist computeVel(geometry_msgs::Point_<std::allocator<void> >::ConstPtr&, geometry_msgs::Point_<std::allocator<void> >::ConstPtr&, geometry_msgs::Point_<std::allocator<void> >::ConstPtr&)[m[Kâ€™
   28 | geometry_msgs::Twist computeVel([01;36m[Kgeometry_msgs::Point::ConstPtr& B[m[K, geometry_msgs::Point::ConstPtr& B_des,geometry_msgs::Point::ConstPtr& B_des_old){
      |                                 [01;36m[K~~~~~~~~~~~~~~~~~~~~~~~~~~~~~~~~^[m[K
[01m[K/home/rosario/Desktop/tesi/tesi_repo/src/traj_controller/src/controller.cpp:91:4:[m[K [01;31m[Kerror: [m[Kâ€˜[01m[Kr[m[Kâ€™ was not declared in this scope
   91 |    [01;31m[Kr[m[K.sleep();
      |    [01;31m[K^[m[K
In file included from [01m[K/usr/include/eigen3/Eigen/Core:366[m[K,
                 from [01m[K/opt/ros/noetic/include/base_local_planner/latched_stop_rotate_controller.h:13[m[K,
                 from [01m[K/opt/ros/noetic/include/dwa_local_planner/dwa_planner_ros.h:54[m[K,
                 from [01m[K/home/rosario/Desktop/tesi/tesi_repo/src/traj_controller/src/controller.cpp:3[m[K:
/usr/include/eigen3/Eigen/src/Core/PlainObjectBase.h: In instantiation of â€˜[01m[Kvoid Eigen::PlainObjectBase<Derived>::_init2(Eigen::Index, Eigen::Index, typename Eigen::internal::enable_if<(typename Eigen::internal::dense_xpr_base<Derived>::type::SizeAtCompileTime != 2), T0>::type*) [with T0 = float; T1 = float; Derived = Eigen::Matrix<double, -1, 1>; Eigen::Index = long int; typename Eigen::internal::enable_if<(typename Eigen::internal::dense_xpr_base<Derived>::type::SizeAtCompileTime != 2), T0>::type = float][m[Kâ€™:
[01m[K/usr/include/eigen3/Eigen/src/Core/Matrix.h:302:35:[m[K   required from â€˜[01m[KEigen::Matrix<_Scalar, _Rows, _Cols, _Options, _MaxRows, _MaxCols>::Matrix(const T0&, const T1&) [with T0 = float; T1 = float; _Scalar = double; int _Rows = -1; int _Cols = 1; int _Options = 0; int _MaxRows = -1; int _MaxCols = 1][m[Kâ€™
[01m[K/home/rosario/Desktop/tesi/tesi_repo/src/traj_controller/src/controller.cpp:41:27:[m[K   required from here
[01m[K/usr/include/eigen3/Eigen/src/Core/PlainObjectBase.h:740:58:[m[K [01;31m[Kerror: [m[Kstatic assertion failed: FLOATING_POINT_ARGUMENT_PASSED__INTEGER_WAS_EXPECTED
  740 |       EIGEN_STATIC_ASSERT([01;31m[Kbool(NumTraits<T0>::IsInteger) &&[m[K
      |                           [01;31m[K~~~~~~~~~~~~~~~~~~~~~~~~~~~~~~~^~[m[K
  741 | [01;31m[K                          bool(NumTraits<T1>::IsInteger)[m[K,
      |                           [01;31m[K~~~~~~~~~~~~~~~~~~~~~~~~~~~~~~[m[K  
[01m[K/usr/include/eigen3/Eigen/src/Core/util/StaticAssert.h:33:54:[m[K [01;36m[Knote: [m[Kin definition of macro â€˜[01m[KEIGEN_STATIC_ASSERT[m[Kâ€™
   33 |     #define EIGEN_STATIC_ASSERT(X,MSG) static_assert([01;36m[KX[m[K,#MSG);
      |                                                      [01;36m[K^[m[K
make[2]: *** [CMakeFiles/traj_controller_node.dir/build.make:63: CMakeFiles/traj_controller_node.dir/src/controller.cpp.o] Error 1
make[1]: *** [CMakeFiles/Makefile2:220: CMakeFiles/traj_controller_node.dir/all] Error 2
make: *** [Makefile:141: all] Error 2
