[01m[K/home/rosario/Desktop/tesi/tesi_repo/src/traj_controller/src/controller.cpp:8:1:[m[K [01;31m[Kerror: [m[Kâ€˜[01m[Kmav_msgs[m[Kâ€™ does not name a type; did you mean â€˜[01m[Kmap_msgs[m[Kâ€™?
    8 | [01;31m[Kmav_msgs[m[K::Path gPlan;
      | [01;31m[K^~~~~~~~[m[K
      | [32m[Kmap_msgs[m[K
[01m[K/home/rosario/Desktop/tesi/tesi_repo/src/traj_controller/src/controller.cpp:[m[K In function â€˜[01m[Kvoid pathCb(const ConstPtr&)[m[Kâ€™:
[01m[K/home/rosario/Desktop/tesi/tesi_repo/src/traj_controller/src/controller.cpp:11:2:[m[K [01;31m[Kerror: [m[Kâ€˜[01m[KgPlan[m[Kâ€™ was not declared in this scope
   11 |  [01;31m[KgPlan[m[K = nav_msgs::Path(path);
      |  [01;31m[K^~~~~[m[K
[01m[K/home/rosario/Desktop/tesi/tesi_repo/src/traj_controller/src/controller.cpp:11:29:[m[K [01;31m[Kerror: [m[Kno matching function for call to â€˜[01m[Knav_msgs::Path_<std::allocator<void> >::Path_(const ConstPtr&)[m[Kâ€™
   11 |  gPlan = nav_msgs::Path(path[01;31m[K)[m[K;
      |                             [01;31m[K^[m[K
In file included from [01m[K/opt/ros/noetic/include/dwa_local_planner/dwa_planner.h:63[m[K,
                 from [01m[K/opt/ros/noetic/include/dwa_local_planner/dwa_planner_ros.h:58[m[K,
                 from [01m[K/home/rosario/Desktop/tesi/tesi_repo/src/traj_controller/src/controller.cpp:3[m[K:
[01m[K/opt/ros/noetic/include/nav_msgs/Path.h:32:3:[m[K [01;36m[Knote: [m[Kcandidate: â€˜[01m[Knav_msgs::Path_<ContainerAllocator>::Path_(const ContainerAllocator&) [with ContainerAllocator = std::allocator<void>][m[Kâ€™
   32 |   [01;36m[KPath_[m[K(const ContainerAllocator& _alloc)
      |   [01;36m[K^~~~~[m[K
[01m[K/opt/ros/noetic/include/nav_msgs/Path.h:32:35:[m[K [01;36m[Knote: [m[K  no known conversion for argument 1 from â€˜[01m[Kconst ConstPtr[m[Kâ€™ {aka â€˜[01m[Kconst boost::shared_ptr<const nav_msgs::Path_<std::allocator<void> > >[m[Kâ€™} to â€˜[01m[Kconst std::allocator<void>&[m[Kâ€™
   32 |   Path_([01;36m[Kconst ContainerAllocator& _alloc[m[K)
      |         [01;36m[K~~~~~~~~~~~~~~~~~~~~~~~~~~^~~~~~[m[K
[01m[K/opt/ros/noetic/include/nav_msgs/Path.h:28:3:[m[K [01;36m[Knote: [m[Kcandidate: â€˜[01m[Knav_msgs::Path_<ContainerAllocator>::Path_() [with ContainerAllocator = std::allocator<void>][m[Kâ€™
   28 |   [01;36m[KPath_[m[K()
      |   [01;36m[K^~~~~[m[K
[01m[K/opt/ros/noetic/include/nav_msgs/Path.h:28:3:[m[K [01;36m[Knote: [m[K  candidate expects 0 arguments, 1 provided
[01m[K/opt/ros/noetic/include/nav_msgs/Path.h:24:8:[m[K [01;36m[Knote: [m[Kcandidate: â€˜[01m[Knav_msgs::Path_<std::allocator<void> >::Path_(const nav_msgs::Path_<std::allocator<void> >&)[m[Kâ€™
   24 | struct [01;36m[KPath_[m[K
      |        [01;36m[K^~~~~[m[K
[01m[K/opt/ros/noetic/include/nav_msgs/Path.h:24:8:[m[K [01;36m[Knote: [m[K  no known conversion for argument 1 from â€˜[01m[Kconst ConstPtr[m[Kâ€™ {aka â€˜[01m[Kconst boost::shared_ptr<const nav_msgs::Path_<std::allocator<void> > >[m[Kâ€™} to â€˜[01m[Kconst nav_msgs::Path_<std::allocator<void> >&[m[Kâ€™
[01m[K/opt/ros/noetic/include/nav_msgs/Path.h:24:8:[m[K [01;36m[Knote: [m[Kcandidate: â€˜[01m[Knav_msgs::Path_<std::allocator<void> >::Path_(nav_msgs::Path_<std::allocator<void> >&&)[m[Kâ€™
[01m[K/opt/ros/noetic/include/nav_msgs/Path.h:24:8:[m[K [01;36m[Knote: [m[K  no known conversion for argument 1 from â€˜[01m[Kconst ConstPtr[m[Kâ€™ {aka â€˜[01m[Kconst boost::shared_ptr<const nav_msgs::Path_<std::allocator<void> > >[m[Kâ€™} to â€˜[01m[Knav_msgs::Path_<std::allocator<void> >&&[m[Kâ€™
[01m[K/home/rosario/Desktop/tesi/tesi_repo/src/traj_controller/src/controller.cpp:[m[K In function â€˜[01m[Kint main(int, char**)[m[Kâ€™:
[01m[K/home/rosario/Desktop/tesi/tesi_repo/src/traj_controller/src/controller.cpp:17:7:[m[K [01;31m[Kerror: [m[Kâ€˜[01m[Kpublisher[m[Kâ€™ is not a member of â€˜[01m[Kros[m[Kâ€™; did you mean â€˜[01m[KPublisher[m[Kâ€™?
   17 |  ros::[01;31m[Kpublisher[m[K vel_pub = n.advertise<geometry_msgs::Twist>("cmd_vel",10);
      |       [01;31m[K^~~~~~~~~[m[K
      |       [32m[KPublisher[m[K
[01m[K/home/rosario/Desktop/tesi/tesi_repo/src/traj_controller/src/controller.cpp:18:17:[m[K [01;31m[Kerror: [m[Kâ€˜[01m[KTwts[m[Kâ€™ is not a member of â€˜[01m[Kgeometry_msgs[m[Kâ€™
   18 |  geometry_msgs::[01;31m[KTwts[m[K cmd_vel;
      |                 [01;31m[K^~~~[m[K
[01m[K/home/rosario/Desktop/tesi/tesi_repo/src/traj_controller/src/controller.cpp:24:51:[m[K [01;31m[Kerror: [m[Kno matching function for call to â€˜[01m[Kcostmap_2d::Costmap2DROS::Costmap2DROS(const char [11], tf::TransformListener&)[m[Kâ€™
   24 |  costmap_2d::Costmap2DROS costmap("my_costmap", tf[01;31m[K)[m[K;
      |                                                   [01;31m[K^[m[K
In file included from [01m[K/home/rosario/Desktop/tesi/tesi_repo/src/traj_controller/src/controller.cpp:2[m[K:
[01m[K/opt/ros/noetic/include/costmap_2d/costmap_2d_ros.h:82:3:[m[K [01;36m[Knote: [m[Kcandidate: â€˜[01m[Kcostmap_2d::Costmap2DROS::Costmap2DROS(const string&, tf2_ros::Buffer&)[m[Kâ€™
   82 |   [01;36m[KCostmap2DROS[m[K(const std::string &name, tf2_ros::Buffer& tf);
      |   [01;36m[K^~~~~~~~~~~~[m[K
[01m[K/opt/ros/noetic/include/costmap_2d/costmap_2d_ros.h:82:58:[m[K [01;36m[Knote: [m[K  no known conversion for argument 2 from â€˜[01m[Ktf::TransformListener[m[Kâ€™ to â€˜[01m[Ktf2_ros::Buffer&[m[Kâ€™
   82 |   Costmap2DROS(const std::string &name, [01;36m[Ktf2_ros::Buffer& tf[m[K);
      |                                         [01;36m[K~~~~~~~~~~~~~~~~~^~[m[K
[01m[K/home/rosario/Desktop/tesi/tesi_repo/src/traj_controller/src/controller.cpp:27:34:[m[K [01;31m[Kerror: [m[Kcannot convert â€˜[01m[Ktf::TransformListener*[m[Kâ€™ to â€˜[01m[Ktf2_ros::Buffer*[m[Kâ€™
   27 |  dp.initialize("my_dwa_planner", [01;31m[K&tf[m[K, &costmap);
      |                                  [01;31m[K^~~[m[K
      |                                  [01;31m[K|[m[K
      |                                  [01;31m[Ktf::TransformListener*[m[K
In file included from [01m[K/home/rosario/Desktop/tesi/tesi_repo/src/traj_controller/src/controller.cpp:3[m[K:
[01m[K/opt/ros/noetic/include/dwa_local_planner/dwa_planner_ros.h:79:58:[m[K [01;36m[Knote: [m[K  initializing argument 2 of â€˜[01m[Kvirtual void dwa_local_planner::DWAPlannerROS::initialize(std::string, tf2_ros::Buffer*, costmap_2d::Costmap2DROS*)[m[Kâ€™
   79 |       void initialize(std::string name, [01;36m[Ktf2_ros::Buffer* tf[m[K,
      |                                         [01;36m[K~~~~~~~~~~~~~~~~~^~[m[K
[01m[K/home/rosario/Desktop/tesi/tesi_repo/src/traj_controller/src/controller.cpp:29:13:[m[K [01;31m[Kerror: [m[Kâ€˜[01m[KgPlan[m[Kâ€™ was not declared in this scope
   29 |  dp.setPlan([01;31m[KgPlan[m[K);
      |             [01;31m[K^~~~~[m[K
[01m[K/home/rosario/Desktop/tesi/tesi_repo/src/traj_controller/src/controller.cpp:32:30:[m[K [01;31m[Kerror: [m[Kâ€˜[01m[Kcmd_vel[m[Kâ€™ was not declared in this scope
   32 |   dp.computeVelocityCommands([01;31m[Kcmd_vel[m[K);
      |                              [01;31m[K^~~~~~~[m[K
[01m[K/home/rosario/Desktop/tesi/tesi_repo/src/traj_controller/src/controller.cpp:33:3:[m[K [01;31m[Kerror: [m[Kâ€˜[01m[Kvel_pub[m[Kâ€™ was not declared in this scope
   33 |   [01;31m[Kvel_pub[m[K.pusblish(cmd_vel);
      |   [01;31m[K^~~~~~~[m[K
make[2]: *** [CMakeFiles/traj_controller_node.dir/build.make:63: CMakeFiles/traj_controller_node.dir/src/controller.cpp.o] Error 1
make[1]: *** [CMakeFiles/Makefile2:232: CMakeFiles/traj_controller_node.dir/all] Error 2
make: *** [Makefile:141: all] Error 2
