[35m[1mScanning dependencies of target traj_controller_node[0m
[ 50%] [32mBuilding CXX object CMakeFiles/traj_controller_node.dir/src/controller.cpp.o[0m
[01m[K/home/rosario/Desktop/tesi/tesi_repo/src/traj_controller/src/controller.cpp:[m[K In function â€˜[01m[Kvoid goto_point(geometry_msgs::Point, geometry_msgs::Point, ros::Publisher)[m[Kâ€™:
[01m[K/home/rosario/Desktop/tesi/tesi_repo/src/traj_controller/src/controller.cpp:33:49:[m[K [01;31m[Kerror: [m[Kno matching function for call to â€˜[01m[Katan2(geometry_msgs::Point_<std::allocator<void> >::_y_type)[m[Kâ€™
   33 |  float w= 0.5*(atan2((P.y-P_des.y)/(P.x-P_des.x)[01;31m[K)[m[K+ 3.14 - P.z);
      |                                                 [01;31m[K^[m[K
In file included from [01m[K/usr/include/features.h:461[m[K,
                 from [01m[K/usr/include/x86_64-linux-gnu/c++/9/bits/os_defines.h:39[m[K,
                 from [01m[K/usr/include/x86_64-linux-gnu/c++/9/bits/c++config.h:528[m[K,
                 from [01m[K/usr/include/c++/9/string:38[m[K,
                 from [01m[K/opt/ros/noetic/include/sensor_msgs/PointCloud.h:9[m[K,
                 from [01m[K/opt/ros/noetic/include/tf/transform_listener.h:35[m[K,
                 from [01m[K/home/rosario/Desktop/tesi/tesi_repo/src/traj_controller/src/controller.cpp:1[m[K:
[01m[K/usr/include/x86_64-linux-gnu/bits/mathcalls.h:59:1:[m[K [01;36m[Knote: [m[Kcandidate: â€˜[01m[Kdouble atan2(double, double)[m[Kâ€™
   59 | [01;36m[K__MATHCALL[m[K (atan2,, (_Mdouble_ __y, _Mdouble_ __x));
      | [01;36m[K^~~~~~~~~~[m[K
[01m[K/usr/include/x86_64-linux-gnu/bits/mathcalls.h:59:1:[m[K [01;36m[Knote: [m[K  candidate expects 2 arguments, 1 provided
In file included from [01m[K/opt/ros/noetic/include/ros/time.h:55[m[K,
                 from [01m[K/opt/ros/noetic/include/ros/serialization.h:34[m[K,
                 from [01m[K/opt/ros/noetic/include/sensor_msgs/PointCloud.h:14[m[K,
                 from [01m[K/opt/ros/noetic/include/tf/transform_listener.h:35[m[K,
                 from [01m[K/home/rosario/Desktop/tesi/tesi_repo/src/traj_controller/src/controller.cpp:1[m[K:
[01m[K/usr/include/c++/9/cmath:155:5:[m[K [01;36m[Knote: [m[Kcandidate: â€˜[01m[Ktemplate<class _Tp, class _Up> constexpr typename __gnu_cxx::__promote_2<_Tp, _Up>::__type std::atan2(_Tp, _Up)[m[Kâ€™
  155 |     [01;36m[Katan2[m[K(_Tp __y, _Up __x)
      |     [01;36m[K^~~~~[m[K
[01m[K/usr/include/c++/9/cmath:155:5:[m[K [01;36m[Knote: [m[K  template argument deduction/substitution failed:
[01m[K/home/rosario/Desktop/tesi/tesi_repo/src/traj_controller/src/controller.cpp:33:49:[m[K [01;36m[Knote: [m[K  candidate expects 2 arguments, 1 provided
   33 |  float w= 0.5*(atan2((P.y-P_des.y)/(P.x-P_des.x)[01;36m[K)[m[K+ 3.14 - P.z);
      |                                                 [01;36m[K^[m[K
In file included from [01m[K/opt/ros/noetic/include/ros/time.h:55[m[K,
                 from [01m[K/opt/ros/noetic/include/ros/serialization.h:34[m[K,
                 from [01m[K/opt/ros/noetic/include/sensor_msgs/PointCloud.h:14[m[K,
                 from [01m[K/opt/ros/noetic/include/tf/transform_listener.h:35[m[K,
                 from [01m[K/home/rosario/Desktop/tesi/tesi_repo/src/traj_controller/src/controller.cpp:1[m[K:
[01m[K/usr/include/c++/9/cmath:148:3:[m[K [01;36m[Knote: [m[Kcandidate: â€˜[01m[Kconstexpr long double std::atan2(long double, long double)[m[Kâ€™
  148 |   [01;36m[Katan2[m[K(long double __y, long double __x)
      |   [01;36m[K^~~~~[m[K
[01m[K/usr/include/c++/9/cmath:148:3:[m[K [01;36m[Knote: [m[K  candidate expects 2 arguments, 1 provided
[01m[K/usr/include/c++/9/cmath:144:3:[m[K [01;36m[Knote: [m[Kcandidate: â€˜[01m[Kconstexpr float std::atan2(float, float)[m[Kâ€™
  144 |   [01;36m[Katan2[m[K(float __y, float __x)
      |   [01;36m[K^~~~~[m[K
[01m[K/usr/include/c++/9/cmath:144:3:[m[K [01;36m[Knote: [m[K  candidate expects 2 arguments, 1 provided
[01m[K/home/rosario/Desktop/tesi/tesi_repo/src/traj_controller/src/controller.cpp:36:8:[m[K [01;31m[Kerror: [m[Kexpected primary-expression before â€˜[01m[K)[m[Kâ€™ token
   36 |  while([01;31m[K)[m[K{
      |        [01;31m[K^[m[K
[01m[K/home/rosario/Desktop/tesi/tesi_repo/src/traj_controller/src/controller.cpp:39:27:[m[K [01;31m[Kerror: [m[Kexpected â€˜[01m[K;[m[Kâ€™ before â€˜[01m[K}[m[Kâ€™ token
   39 |   vel_pub.publish(cmd_vel)
      |                           [01;31m[K^[m[K
      |                           [32m[K;[m[K
   40 |  [32m[K}[m[K
      |  [32m[K~[m[K                         
[01m[K/home/rosario/Desktop/tesi/tesi_repo/src/traj_controller/src/controller.cpp:[m[K In function â€˜[01m[Kint main(int, char**)[m[Kâ€™:
[01m[K/home/rosario/Desktop/tesi/tesi_repo/src/traj_controller/src/controller.cpp:79:4:[m[K [01;31m[Kerror: [m[Kâ€˜[01m[KB[m[Kâ€™ was not declared in this scope
   79 |    [01;31m[KB[m[K.x=transform.getOrigin().x();
      |    [01;31m[K^[m[K
make[2]: *** [CMakeFiles/traj_controller_node.dir/build.make:63: CMakeFiles/traj_controller_node.dir/src/controller.cpp.o] Error 1
make[1]: *** [CMakeFiles/Makefile2:220: CMakeFiles/traj_controller_node.dir/all] Error 2
make: *** [Makefile:141: all] Error 2
