[35m[1mScanning dependencies of target marker_update[0m
[ 66%] Built target marker_correction_node
[ 66%] Built target marker_correction_id_node
[ 83%] [32mBuilding CXX object CMakeFiles/marker_update.dir/src/marker_update.cpp.o[0m
[01m[K/home/rosario/Desktop/tesi/tesi_repo/src/marker_correction/src/marker_update.cpp:[m[K In function â€˜[01m[Kvoid camera_callback(const ConstPtr&)[m[Kâ€™:
[01m[K/home/rosario/Desktop/tesi/tesi_repo/src/marker_correction/src/marker_update.cpp:99:5:[m[K [01;31m[Kerror: [m[Kâ€˜[01m[Kpose_pub[m[Kâ€™ was not declared in this scope; did you mean â€˜[01m[Kpose_sub[m[Kâ€™?
   99 |     [01;31m[Kpose_pub[m[K.publish(init_pose_msg);
      |     [01;31m[K^~~~~~~~[m[K
      |     [32m[Kpose_sub[m[K
make[2]: *** [CMakeFiles/marker_update.dir/build.make:63: CMakeFiles/marker_update.dir/src/marker_update.cpp.o] Error 1
make[1]: *** [CMakeFiles/Makefile2:1652: CMakeFiles/marker_update.dir/all] Error 2
make: *** [Makefile:141: all] Error 2
